2013/09/27 04:09:48 [error] [php] Undefined variable: model (/var/www/yii/blog/protected/views/post/_form.php:14)
Stack trace:
#0 /var/www/yii/core/framework/web/CController.php(869): PostController->renderFile()
#1 /var/www/yii/blog/protected/views/post/index.php(2): PostController->renderPartial()
#2 /var/www/yii/core/framework/web/CBaseController.php(126): require()
#3 /var/www/yii/core/framework/web/CBaseController.php(95): PostController->renderInternal()
#4 /var/www/yii/core/framework/web/CController.php(869): PostController->renderFile()
#5 /var/www/yii/core/framework/web/CController.php(782): PostController->renderPartial()
#6 /var/www/yii/blog/protected/controllers/PostController.php(4): PostController->render()
#7 /var/www/yii/core/framework/web/actions/CInlineAction.php(49): PostController->actionIndex()
#8 /var/www/yii/core/framework/web/CController.php(308): CInlineAction->runWithParams()
#9 /var/www/yii/core/framework/web/CController.php(286): PostController->runAction()
#10 /var/www/yii/core/framework/web/CController.php(265): PostController->runActionWithFilters()
#11 /var/www/yii/core/framework/web/CWebApplication.php(282): PostController->run()
#12 /var/www/yii/core/framework/web/CWebApplication.php(141): CWebApplication->runController()
#13 /var/www/yii/core/framework/base/CApplication.php(180): CWebApplication->processRequest()
#14 /var/www/yii/blog/index.php(13): CWebApplication->run()
REQUEST_URI=/yii/blog/index.php/post
in /var/www/yii/blog/protected/views/post/_form.php (14)
in /var/www/yii/blog/protected/views/post/index.php (2)
in /var/www/yii/blog/protected/controllers/PostController.php (4)
2013/09/27 04:36:41 [error] [php] Undefined variable: model (/var/www/yii/blog/protected/views/post/_form.php:14)
Stack trace:
#0 /var/www/yii/core/framework/web/CController.php(869): PostController->renderFile()
#1 /var/www/yii/blog/protected/views/post/index.php(2): PostController->renderPartial()
#2 /var/www/yii/core/framework/web/CBaseController.php(126): require()
#3 /var/www/yii/core/framework/web/CBaseController.php(95): PostController->renderInternal()
#4 /var/www/yii/core/framework/web/CController.php(869): PostController->renderFile()
#5 /var/www/yii/core/framework/web/CController.php(782): PostController->renderPartial()
#6 /var/www/yii/blog/protected/controllers/PostController.php(4): PostController->render()
#7 /var/www/yii/core/framework/web/actions/CInlineAction.php(49): PostController->actionIndex()
#8 /var/www/yii/core/framework/web/CController.php(308): CInlineAction->runWithParams()
#9 /var/www/yii/core/framework/web/CController.php(286): PostController->runAction()
#10 /var/www/yii/core/framework/web/CController.php(265): PostController->runActionWithFilters()
#11 /var/www/yii/core/framework/web/CWebApplication.php(282): PostController->run()
#12 /var/www/yii/core/framework/web/CWebApplication.php(141): CWebApplication->runController()
#13 /var/www/yii/core/framework/base/CApplication.php(180): CWebApplication->processRequest()
#14 /var/www/yii/blog/index.php(13): CWebApplication->run()
REQUEST_URI=/yii/blog/index.php/post
in /var/www/yii/blog/protected/views/post/_form.php (14)
in /var/www/yii/blog/protected/views/post/index.php (2)
in /var/www/yii/blog/protected/controllers/PostController.php (4)
2013/09/27 04:39:43 [error] [system.db.CDbCommand] CDbCommand::fetchAll() failed: SQLSTATE[42S02]: Base table or view not found: 1146 Table 'yiiblog.cg_post' doesn't exist. The SQL statement executed was: SHOW FULL COLUMNS FROM `cg_post`.
in /var/www/yii/blog/index.php (13)
2013/09/27 04:40:08 [error] [system.db.CDbCommand] CDbCommand::fetchAll() failed: SQLSTATE[42S02]: Base table or view not found: 1146 Table 'yiiblog.cg_post' doesn't exist. The SQL statement executed was: SHOW FULL COLUMNS FROM `cg_post`.
in /var/www/yii/blog/index.php (13)
2013/09/27 04:45:48 [error] [php] Undefined index: Post (/var/www/yii/blog/protected/controllers/PostController.php:10)
Stack trace:
#0 /var/www/yii/core/framework/web/CController.php(286): PostController->runAction()
#1 /var/www/yii/core/framework/web/CController.php(265): PostController->runActionWithFilters()
#2 /var/www/yii/core/framework/web/CWebApplication.php(282): PostController->run()
#3 /var/www/yii/core/framework/web/CWebApplication.php(141): CWebApplication->runController()
#4 /var/www/yii/core/framework/base/CApplication.php(180): CWebApplication->processRequest()
#5 /var/www/yii/blog/index.php(13): CWebApplication->run()
REQUEST_URI=/yii/blog/index.php/post/preview?attribute=content
in /var/www/yii/blog/protected/controllers/PostController.php (10)
in /var/www/yii/blog/index.php (13)
2013/09/27 04:47:47 [error] [php] Undefined index: content (/var/www/yii/blog/protected/controllers/PostController.php:10)
Stack trace:
#0 /var/www/yii/core/framework/web/CController.php(286): PostController->runAction()
#1 /var/www/yii/core/framework/web/CController.php(265): PostController->runActionWithFilters()
#2 /var/www/yii/core/framework/web/CWebApplication.php(282): PostController->run()
#3 /var/www/yii/core/framework/web/CWebApplication.php(141): CWebApplication->runController()
#4 /var/www/yii/core/framework/base/CApplication.php(180): CWebApplication->processRequest()
#5 /var/www/yii/blog/index.php(13): CWebApplication->run()
REQUEST_URI=/yii/blog/index.php/post/preview?attribute=content
in /var/www/yii/blog/protected/controllers/PostController.php (10)
in /var/www/yii/blog/index.php (13)
2013/09/27 04:47:50 [error] [php] Undefined index: content (/var/www/yii/blog/protected/controllers/PostController.php:10)
Stack trace:
#0 /var/www/yii/core/framework/web/CController.php(286): PostController->runAction()
#1 /var/www/yii/core/framework/web/CController.php(265): PostController->runActionWithFilters()
#2 /var/www/yii/core/framework/web/CWebApplication.php(282): PostController->run()
#3 /var/www/yii/core/framework/web/CWebApplication.php(141): CWebApplication->runController()
#4 /var/www/yii/core/framework/base/CApplication.php(180): CWebApplication->processRequest()
#5 /var/www/yii/blog/index.php(13): CWebApplication->run()
REQUEST_URI=/yii/blog/index.php/post/preview?attribute=content
in /var/www/yii/blog/protected/controllers/PostController.php (10)
in /var/www/yii/blog/index.php (13)
2013/09/27 04:49:10 [error] [php] Undefined index: content (/var/www/yii/blog/protected/controllers/PostController.php:10)
Stack trace:
#0 /var/www/yii/core/framework/web/CController.php(286): PostController->runAction()
#1 /var/www/yii/core/framework/web/CController.php(265): PostController->runActionWithFilters()
#2 /var/www/yii/core/framework/web/CWebApplication.php(282): PostController->run()
#3 /var/www/yii/core/framework/web/CWebApplication.php(141): CWebApplication->runController()
#4 /var/www/yii/core/framework/base/CApplication.php(180): CWebApplication->processRequest()
#5 /var/www/yii/blog/index.php(13): CWebApplication->run()
REQUEST_URI=/yii/blog/index.php/post/preview?attribute=content
in /var/www/yii/blog/protected/controllers/PostController.php (10)
in /var/www/yii/blog/index.php (13)
2013/09/27 04:49:11 [error] [php] Undefined index: content (/var/www/yii/blog/protected/controllers/PostController.php:10)
Stack trace:
#0 /var/www/yii/core/framework/web/CController.php(286): PostController->runAction()
#1 /var/www/yii/core/framework/web/CController.php(265): PostController->runActionWithFilters()
#2 /var/www/yii/core/framework/web/CWebApplication.php(282): PostController->run()
#3 /var/www/yii/core/framework/web/CWebApplication.php(141): CWebApplication->runController()
#4 /var/www/yii/core/framework/base/CApplication.php(180): CWebApplication->processRequest()
#5 /var/www/yii/blog/index.php(13): CWebApplication->run()
REQUEST_URI=/yii/blog/index.php/post/preview?attribute=content
in /var/www/yii/blog/protected/controllers/PostController.php (10)
in /var/www/yii/blog/index.php (13)
2013/09/27 04:50:03 [error] [php] Undefined index: Post (/var/www/yii/blog/protected/controllers/PostController.php:10)
Stack trace:
#0 /var/www/yii/core/framework/web/CController.php(286): PostController->runAction()
#1 /var/www/yii/core/framework/web/CController.php(265): PostController->runActionWithFilters()
#2 /var/www/yii/core/framework/web/CWebApplication.php(282): PostController->run()
#3 /var/www/yii/core/framework/web/CWebApplication.php(141): CWebApplication->runController()
#4 /var/www/yii/core/framework/base/CApplication.php(180): CWebApplication->processRequest()
#5 /var/www/yii/blog/index.php(13): CWebApplication->run()
REQUEST_URI=/yii/blog/index.php/post/preview?attribute=content
in /var/www/yii/blog/protected/controllers/PostController.php (10)
in /var/www/yii/blog/index.php (13)
2013/09/27 05:18:46 [error] [exception.CHttpException.404] exception 'CHttpException' with message 'The system is unable to find the requested action "id".' in /var/www/yii/core/framework/web/CController.php:483
Stack trace:
#0 /var/www/yii/core/framework/web/CController.php(270): CController->missingAction('id')
#1 /var/www/yii/core/framework/web/CWebApplication.php(282): CController->run('id')
#2 /var/www/yii/core/framework/web/CWebApplication.php(141): CWebApplication->runController('post/id')
#3 /var/www/yii/core/framework/base/CApplication.php(180): CWebApplication->processRequest()
#4 /var/www/yii/blog/index.php(13): CApplication->run()
#5 {main}
REQUEST_URI=/yii/blog/index.php/post/id/3
---
2013/09/27 05:21:19 [error] [php] Undefined variable: id (/var/www/yii/blog/protected/views/post/_form.php:31)
Stack trace:
#0 /var/www/yii/core/framework/web/CController.php(869): PostController->renderFile()
#1 /var/www/yii/blog/protected/views/post/index.php(2): PostController->renderPartial()
#2 /var/www/yii/core/framework/web/CBaseController.php(126): require()
#3 /var/www/yii/core/framework/web/CBaseController.php(95): PostController->renderInternal()
#4 /var/www/yii/core/framework/web/CController.php(869): PostController->renderFile()
#5 /var/www/yii/core/framework/web/CController.php(782): PostController->renderPartial()
#6 /var/www/yii/blog/protected/controllers/PostController.php(15): PostController->render()
#7 /var/www/yii/core/framework/web/actions/CInlineAction.php(49): PostController->actionIndex()
#8 /var/www/yii/core/framework/web/CController.php(308): CInlineAction->runWithParams()
#9 /var/www/yii/core/framework/web/CController.php(286): PostController->runAction()
#10 /var/www/yii/core/framework/web/CController.php(265): PostController->runActionWithFilters()
#11 /var/www/yii/core/framework/web/CWebApplication.php(282): PostController->run()
#12 /var/www/yii/core/framework/web/CWebApplication.php(141): CWebApplication->runController()
#13 /var/www/yii/core/framework/base/CApplication.php(180): CWebApplication->processRequest()
#14 /var/www/yii/blog/index.php(13): CWebApplication->run()
REQUEST_URI=/yii/blog/index.php/post
in /var/www/yii/blog/protected/views/post/_form.php (31)
in /var/www/yii/blog/protected/views/post/index.php (2)
in /var/www/yii/blog/protected/controllers/PostController.php (15)
